[2025-05-06 19:05:57,596] [INFO] - 程序启动，开始加载配置
[2025-05-06 19:05:57,597] [INFO] - Spark log save to: None
[2025-05-06 19:05:59,372] [INFO] - Spark session created...
[2025-05-06 19:06:01,067] [INFO] - Model start training...
[2025-05-06 19:06:05,821] [INFO] - Inertia: 400268.73
[2025-05-06 19:06:06,186] [INFO] - 模型已覆盖保存: /Users/zwt/Desktop/github_project/spark-lab3/models
[2025-05-06 19:06:16,936] [INFO] - 可视化结果保存至: ./outputs/visualizations/pca_clusters.png 和 ./outputs/visualizations/cluster_counts.png
[2025-05-06 19:06:17,293] [INFO] - Spark session stopped
[2025-05-06 19:17:00,390] [INFO] - Application started, loading configuration...
[2025-05-06 19:17:00,391] [INFO] - Spark log save to: None
[2025-05-06 19:17:02,167] [INFO] - Spark session created successfully...
[2025-05-06 19:17:03,897] [INFO] - Model training started...
[2025-05-06 19:17:09,092] [INFO] - Inertia: 400268.73
[2025-05-06 19:17:09,494] [INFO] - Model overwritten at: /Users/zwt/Desktop/github_project/spark-lab3/models
[2025-05-06 19:17:21,082] [INFO] - Visualization results saved to: ./outputs/visualizations/pca_clusters.png and ./outputs/visualizations/cluster_counts.png
[2025-05-06 19:17:21,447] [INFO] - Spark session stopped
[2025-05-06 19:18:29,011] [INFO] - Application started, loading configuration...
[2025-05-06 19:18:29,012] [INFO] - Spark log save to: None
[2025-05-06 19:18:30,557] [INFO] - Spark session created successfully...
[2025-05-06 19:18:32,036] [INFO] - Model training started...
[2025-05-06 19:18:35,923] [INFO] - Inertia: 400268.73
[2025-05-06 19:18:36,260] [INFO] - Model overwritten at: /Users/zwt/Desktop/github_project/spark-lab3/models
[2025-05-06 19:18:46,265] [INFO] - Visualization results saved to: ./outputs/visualizations/pca_clusters.png and ./outputs/visualizations/cluster_counts.png
[2025-05-06 19:18:46,614] [INFO] - Spark session stopped
